<?xml version="1.0" encoding="UTF-8"?>
<!-- Generated by org.testng.reporters.JUnitXMLReporter -->
<testsuite ignored="0" hostname="LAPTOP-SK3D42E8" failures="2" tests="12" name="Test" time="36.352" errors="0" timestamp="2025-03-18T21:01:11 SAST">
  <testcase classname="apiTestCases.UserTestCases" name="testPostUser" time="7.575"/>
  <testcase classname="apiTestCases.UserTestCases" name="testPostUser" time="5.326"/>
  <testcase classname="apiTestCases.UserTestCases" name="testPostUser" time="5.313"/>
  <testcase classname="apiTestCases.UserTestCases" name="testPostUser" time="5.352"/>
  <testcase classname="apiTestCases.UserTestCases" name="testGettUserByUsername" time="1.329"/>
  <testcase classname="apiTestCases.UserTestCases" name="testGettUserByUsername" time="1.3">
    <failure type="java.lang.AssertionError" message="expected [200] but found [404]">
      <![CDATA[java.lang.AssertionError: expected [200] but found [404]
at apiTestCases.UserTestCases.testGettUserByUsername(UserTestCases.java:71)
at java.base/java.util.ArrayList.forEach(ArrayList.java:1597)
... Removed 31 stack frames]]>
    </failure>
  </testcase> <!-- testGettUserByUsername -->
  <testcase classname="apiTestCases.UserTestCases" name="testGettUserByUsername" time="1.288">
    <failure type="java.lang.AssertionError" message="expected [200] but found [404]">
      <![CDATA[java.lang.AssertionError: expected [200] but found [404]
at apiTestCases.UserTestCases.testGettUserByUsername(UserTestCases.java:71)
at java.base/java.util.ArrayList.forEach(ArrayList.java:1597)
... Removed 31 stack frames]]>
    </failure>
  </testcase> <!-- testGettUserByUsername -->
  <testcase classname="apiTestCases.UserTestCases" name="testGettUserByUsername" time="1.305"/>
  <testcase classname="apiTestCases.UserTestCases" name="testUpdateUserByUsername" time="1.432"/>
  <testcase classname="apiTestCases.UserTestCases" name="testUpdateUserByUsername" time="1.273"/>
  <testcase classname="apiTestCases.UserTestCases" name="testUpdateUserByUsername" time="1.358"/>
  <testcase classname="apiTestCases.UserTestCases" name="testUpdateUserByUsername" time="1.314"/>
</testsuite> <!-- Test -->
